app/build/intermediates/manifest_merge_blame_file/debug/manifest-merger-blame-debug-report.txt
1<?xml version="1.0" encoding="utf-8"?>
2<manifest xmlns:android="http://schemas.android.com/apk/res/android"
3    package="com.tuwaiq.enjazzoneapp"
4    android:versionCode="1"
5    android:versionName="1.0" >
6
7    <uses-sdk
8        android:minSdkVersion="26"
8-->src\main\AndroidManifest.xml
9        android:targetSdkVersion="31" />
9-->src\main\AndroidManifest.xml
10
11    <uses-permission android:name="android.permission.INTERNET" />
11-->[com.google.firebase:firebase-auth:21.0.1] AndroidManifest.xml:23:5-67
11-->[com.google.firebase:firebase-auth:21.0.1] AndroidManifest.xml:23:22-64
12    <uses-permission android:name="android.permission.ACCESS_NETWORK_STATE" />
12-->[com.google.firebase:firebase-auth:21.0.1] AndroidManifest.xml:24:5-79
12-->[com.google.firebase:firebase-auth:21.0.1] AndroidManifest.xml:24:22-76
13    <uses-permission android:name="android.permission.WAKE_LOCK" />
13-->[androidx.work:work-runtime:2.7.1] AndroidManifest.xml:25:5-68
13-->[androidx.work:work-runtime:2.7.1] AndroidManifest.xml:25:22-65
14    <uses-permission android:name="android.permission.RECEIVE_BOOT_COMPLETED" />
14-->[androidx.work:work-runtime:2.7.1] AndroidManifest.xml:27:5-81
14-->[androidx.work:work-runtime:2.7.1] AndroidManifest.xml:27:22-78
15    <uses-permission android:name="android.permission.FOREGROUND_SERVICE" />
15-->[androidx.work:work-runtime:2.7.1] AndroidManifest.xml:28:5-77
15-->[androidx.work:work-runtime:2.7.1] AndroidManifest.xml:28:22-74
16
17    <application
17-->src\main\AndroidManifest.xml:5:5-50:19
18        android:allowBackup="false"
18-->src\main\AndroidManifest.xml:6:13-40
19        android:appComponentFactory="androidx.core.app.CoreComponentFactory"
19-->[androidx.core:core:1.7.0] AndroidManifest.xml:24:18-86
20        android:debuggable="true"
21        android:extractNativeLibs="false"
22        android:icon="@mipmap/ic_launcher_ez_largest"
22-->src\main\AndroidManifest.xml:7:13-58
23        android:label="@string/app_name"
23-->src\main\AndroidManifest.xml:8:13-45
24        android:roundIcon="@mipmap/ic_launcher_ez_largest_round"
24-->src\main\AndroidManifest.xml:9:13-69
25        android:supportsRtl="true"
25-->src\main\AndroidManifest.xml:10:13-39
26        android:testOnly="true"
27        android:theme="@style/Theme.EnjazZoneApp" >
27-->src\main\AndroidManifest.xml:11:13-54
28        <activity
28-->src\main\AndroidManifest.xml:13:9-22:20
29            android:name="com.tuwaiq.enjazzoneapp.SplashScreen"
29-->src\main\AndroidManifest.xml:14:17-45
30            android:exported="true"
30-->src\main\AndroidManifest.xml:15:17-40
31            android:theme="@style/Theme.AppCompat.Light.NoActionBar" >
31-->src\main\AndroidManifest.xml:16:17-73
32            <intent-filter>
32-->src\main\AndroidManifest.xml:17:13-21:29
33                <action android:name="android.intent.action.MAIN" />
33-->src\main\AndroidManifest.xml:18:17-69
33-->src\main\AndroidManifest.xml:18:25-66
34
35                <category android:name="android.intent.category.LAUNCHER" />
35-->src\main\AndroidManifest.xml:20:17-77
35-->src\main\AndroidManifest.xml:20:27-74
36            </intent-filter>
37        </activity>
38        <activity
38-->src\main\AndroidManifest.xml:23:9-35:20
39            android:name="com.tuwaiq.enjazzoneapp.MainActivity"
39-->src\main\AndroidManifest.xml:24:17-45
40            android:exported="true"
40-->src\main\AndroidManifest.xml:25:17-40
41            android:label="@string/launcher_name" >
41-->src\main\AndroidManifest.xml:26:17-54
42
43            <!--
44                <intent-filter>
45                <action android:name="android.intent.action.MAIN" />
46
47                <category android:name="android.intent.category.LAUNCHER" />
48            </intent-filter>
49            -->
50        </activity>
51
52        <receiver
52-->src\main\AndroidManifest.xml:36:9-38:42
53            android:name="com.tuwaiq.enjazzoneapp.notifications.AlarmReceiver"
53-->src\main\AndroidManifest.xml:37:17-60
54            android:enabled="true" />
54-->src\main\AndroidManifest.xml:38:17-39
55
56        <service
56-->src\main\AndroidManifest.xml:40:9-42:42
57            android:name="com.tuwaiq.enjazzoneapp.notifications.NotificationService"
57-->src\main\AndroidManifest.xml:41:17-66
58            android:enabled="true" />
58-->src\main\AndroidManifest.xml:42:17-39
59
60        <activity
60-->src\main\AndroidManifest.xml:44:9-49:43
61            android:name="com.tuwaiq.enjazzoneapp.notifications.ResultActivity"
61-->src\main\AndroidManifest.xml:45:17-61
62            android:excludeFromRecents="true"
62-->src\main\AndroidManifest.xml:46:17-50
63            android:label="@string/notification_header"
63-->src\main\AndroidManifest.xml:47:17-60
64            android:launchMode="singleTask"
64-->src\main\AndroidManifest.xml:48:17-48
65            android:taskAffinity="" />
65-->src\main\AndroidManifest.xml:49:17-40
66
67        <service
67-->[com.google.firebase:firebase-auth-ktx:21.0.1] AndroidManifest.xml:8:9-14:19
68            android:name="com.google.firebase.components.ComponentDiscoveryService"
68-->[com.google.firebase:firebase-auth-ktx:21.0.1] AndroidManifest.xml:9:13-84
69            android:directBootAware="true"
69-->[com.google.firebase:firebase-common:20.0.0] AndroidManifest.xml:35:13-43
70            android:exported="false" >
70-->[com.google.firebase:firebase-auth-ktx:21.0.1] AndroidManifest.xml:10:13-37
71            <meta-data
71-->[com.google.firebase:firebase-auth-ktx:21.0.1] AndroidManifest.xml:11:13-13:85
72                android:name="com.google.firebase.components:com.google.firebase.auth.ktx.FirebaseAuthKtxRegistrar"
72-->[com.google.firebase:firebase-auth-ktx:21.0.1] AndroidManifest.xml:12:17-116
73                android:value="com.google.firebase.components.ComponentRegistrar" />
73-->[com.google.firebase:firebase-auth-ktx:21.0.1] AndroidManifest.xml:13:17-82
74            <meta-data
74-->[com.google.firebase:firebase-firestore-ktx:24.0.1] AndroidManifest.xml:15:13-17:85
75                android:name="com.google.firebase.components:com.google.firebase.firestore.ktx.FirebaseFirestoreKtxRegistrar"
75-->[com.google.firebase:firebase-firestore-ktx:24.0.1] AndroidManifest.xml:16:17-126
76                android:value="com.google.firebase.components.ComponentRegistrar" />
76-->[com.google.firebase:firebase-firestore-ktx:24.0.1] AndroidManifest.xml:17:17-82
77            <meta-data
77-->[com.google.firebase:firebase-common-ktx:20.0.0] AndroidManifest.xml:15:13-17:85
78                android:name="com.google.firebase.components:com.google.firebase.ktx.FirebaseCommonKtxRegistrar"
78-->[com.google.firebase:firebase-common-ktx:20.0.0] AndroidManifest.xml:16:17-113
79                android:value="com.google.firebase.components.ComponentRegistrar" />
79-->[com.google.firebase:firebase-common-ktx:20.0.0] AndroidManifest.xml:17:17-82
80            <meta-data
80-->[com.google.firebase:firebase-auth:21.0.1] AndroidManifest.xml:77:13-79:85
81                android:name="com.google.firebase.components:com.google.firebase.auth.FirebaseAuthRegistrar"
81-->[com.google.firebase:firebase-auth:21.0.1] AndroidManifest.xml:78:17-109
82                android:value="com.google.firebase.components.ComponentRegistrar" />
82-->[com.google.firebase:firebase-auth:21.0.1] AndroidManifest.xml:79:17-82
83            <meta-data
83-->[com.google.firebase:firebase-firestore:24.0.1] AndroidManifest.xml:20:13-22:85
84                android:name="com.google.firebase.components:com.google.firebase.firestore.FirestoreRegistrar"
84-->[com.google.firebase:firebase-firestore:24.0.1] AndroidManifest.xml:21:17-111
85                android:value="com.google.firebase.components.ComponentRegistrar" />
85-->[com.google.firebase:firebase-firestore:24.0.1] AndroidManifest.xml:22:17-82
86        </service>
87
88        <activity
88-->[com.google.firebase:firebase-auth:21.0.1] AndroidManifest.xml:27:9-44:20
89            android:name="com.google.firebase.auth.internal.GenericIdpActivity"
89-->[com.google.firebase:firebase-auth:21.0.1] AndroidManifest.xml:28:13-80
90            android:excludeFromRecents="true"
90-->[com.google.firebase:firebase-auth:21.0.1] AndroidManifest.xml:29:13-46
91            android:exported="true"
91-->[com.google.firebase:firebase-auth:21.0.1] AndroidManifest.xml:30:13-36
92            android:launchMode="singleTask"
92-->[com.google.firebase:firebase-auth:21.0.1] AndroidManifest.xml:31:13-44
93            android:theme="@android:style/Theme.Translucent.NoTitleBar" >
93-->[com.google.firebase:firebase-auth:21.0.1] AndroidManifest.xml:32:13-72
94            <intent-filter>
94-->[com.google.firebase:firebase-auth:21.0.1] AndroidManifest.xml:33:13-43:29
95                <action android:name="android.intent.action.VIEW" />
95-->[com.google.firebase:firebase-auth:21.0.1] AndroidManifest.xml:34:17-69
95-->[com.google.firebase:firebase-auth:21.0.1] AndroidManifest.xml:34:25-66
96
97                <category android:name="android.intent.category.DEFAULT" />
97-->[com.google.firebase:firebase-auth:21.0.1] AndroidManifest.xml:36:17-76
97-->[com.google.firebase:firebase-auth:21.0.1] AndroidManifest.xml:36:27-73
98                <category android:name="android.intent.category.BROWSABLE" />
98-->[com.google.firebase:firebase-auth:21.0.1] AndroidManifest.xml:37:17-78
98-->[com.google.firebase:firebase-auth:21.0.1] AndroidManifest.xml:37:27-75
99
100                <data
100-->[com.google.firebase:firebase-auth:21.0.1] AndroidManifest.xml:39:17-42:51
101                    android:host="firebase.auth"
101-->[com.google.firebase:firebase-auth:21.0.1] AndroidManifest.xml:40:21-49
102                    android:path="/"
102-->[com.google.firebase:firebase-auth:21.0.1] AndroidManifest.xml:41:21-37
103                    android:scheme="genericidp" />
103-->[com.google.firebase:firebase-auth:21.0.1] AndroidManifest.xml:42:21-48
104            </intent-filter>
105        </activity>
106        <activity
106-->[com.google.firebase:firebase-auth:21.0.1] AndroidManifest.xml:45:9-62:20
107            android:name="com.google.firebase.auth.internal.RecaptchaActivity"
107-->[com.google.firebase:firebase-auth:21.0.1] AndroidManifest.xml:46:13-79
108            android:excludeFromRecents="true"
108-->[com.google.firebase:firebase-auth:21.0.1] AndroidManifest.xml:47:13-46
109            android:exported="true"
109-->[com.google.firebase:firebase-auth:21.0.1] AndroidManifest.xml:48:13-36
110            android:launchMode="singleTask"
110-->[com.google.firebase:firebase-auth:21.0.1] AndroidManifest.xml:49:13-44
111            android:theme="@android:style/Theme.Translucent.NoTitleBar" >
111-->[com.google.firebase:firebase-auth:21.0.1] AndroidManifest.xml:50:13-72
112            <intent-filter>
112-->[com.google.firebase:firebase-auth:21.0.1] AndroidManifest.xml:51:13-61:29
113                <action android:name="android.intent.action.VIEW" />
113-->[com.google.firebase:firebase-auth:21.0.1] AndroidManifest.xml:34:17-69
113-->[com.google.firebase:firebase-auth:21.0.1] AndroidManifest.xml:34:25-66
114
115                <category android:name="android.intent.category.DEFAULT" />
115-->[com.google.firebase:firebase-auth:21.0.1] AndroidManifest.xml:36:17-76
115-->[com.google.firebase:firebase-auth:21.0.1] AndroidManifest.xml:36:27-73
116                <category android:name="android.intent.category.BROWSABLE" />
116-->[com.google.firebase:firebase-auth:21.0.1] AndroidManifest.xml:37:17-78
116-->[com.google.firebase:firebase-auth:21.0.1] AndroidManifest.xml:37:27-75
117
118                <data
118-->[com.google.firebase:firebase-auth:21.0.1] AndroidManifest.xml:39:17-42:51
119                    android:host="firebase.auth"
119-->[com.google.firebase:firebase-auth:21.0.1] AndroidManifest.xml:40:21-49
120                    android:path="/"
120-->[com.google.firebase:firebase-auth:21.0.1] AndroidManifest.xml:41:21-37
121                    android:scheme="recaptcha" />
121-->[com.google.firebase:firebase-auth:21.0.1] AndroidManifest.xml:42:21-48
122            </intent-filter>
123        </activity>
124
125        <service
125-->[com.google.firebase:firebase-auth:21.0.1] AndroidManifest.xml:64:9-73:19
126            android:name="com.google.firebase.auth.api.fallback.service.FirebaseAuthFallbackService"
126-->[com.google.firebase:firebase-auth:21.0.1] AndroidManifest.xml:65:13-101
127            android:enabled="true"
127-->[com.google.firebase:firebase-auth:21.0.1] AndroidManifest.xml:66:13-35
128            android:exported="false" >
128-->[com.google.firebase:firebase-auth:21.0.1] AndroidManifest.xml:67:13-37
129            <intent-filter>
129-->[com.google.firebase:firebase-auth:21.0.1] AndroidManifest.xml:68:13-72:29
130                <action android:name="com.google.firebase.auth.api.gms.service.START" />
130-->[com.google.firebase:firebase-auth:21.0.1] AndroidManifest.xml:69:17-89
130-->[com.google.firebase:firebase-auth:21.0.1] AndroidManifest.xml:69:25-86
131
132                <category android:name="android.intent.category.DEFAULT" />
132-->[com.google.firebase:firebase-auth:21.0.1] AndroidManifest.xml:36:17-76
132-->[com.google.firebase:firebase-auth:21.0.1] AndroidManifest.xml:36:27-73
133            </intent-filter>
134        </service>
135
136        <provider
136-->[com.google.firebase:firebase-common:20.0.0] AndroidManifest.xml:26:9-31:39
137            android:name="com.google.firebase.provider.FirebaseInitProvider"
137-->[com.google.firebase:firebase-common:20.0.0] AndroidManifest.xml:27:13-77
138            android:authorities="com.tuwaiq.enjazzoneapp.firebaseinitprovider"
138-->[com.google.firebase:firebase-common:20.0.0] AndroidManifest.xml:28:13-72
139            android:directBootAware="true"
139-->[com.google.firebase:firebase-common:20.0.0] AndroidManifest.xml:29:13-43
140            android:exported="false"
140-->[com.google.firebase:firebase-common:20.0.0] AndroidManifest.xml:30:13-37
141            android:initOrder="100" />
141-->[com.google.firebase:firebase-common:20.0.0] AndroidManifest.xml:31:13-36
142        <provider
142-->[androidx.work:work-runtime:2.7.1] AndroidManifest.xml:31:9-39:20
143            android:name="androidx.startup.InitializationProvider"
143-->[androidx.work:work-runtime:2.7.1] AndroidManifest.xml:32:13-67
144            android:authorities="com.tuwaiq.enjazzoneapp.androidx-startup"
144-->[androidx.work:work-runtime:2.7.1] AndroidManifest.xml:33:13-68
145            android:exported="false" >
145-->[androidx.work:work-runtime:2.7.1] AndroidManifest.xml:34:13-37
146            <meta-data
146-->[androidx.work:work-runtime:2.7.1] AndroidManifest.xml:36:13-38:52
147                android:name="androidx.work.WorkManagerInitializer"
147-->[androidx.work:work-runtime:2.7.1] AndroidManifest.xml:37:17-68
148                android:value="androidx.startup" />
148-->[androidx.work:work-runtime:2.7.1] AndroidManifest.xml:38:17-49
149            <meta-data
149-->[androidx.emoji2:emoji2:1.0.0] AndroidManifest.xml:31:13-33:52
150                android:name="androidx.emoji2.text.EmojiCompatInitializer"
150-->[androidx.emoji2:emoji2:1.0.0] AndroidManifest.xml:32:17-75
151                android:value="androidx.startup" />
151-->[androidx.emoji2:emoji2:1.0.0] AndroidManifest.xml:33:17-49
152            <meta-data
152-->[androidx.lifecycle:lifecycle-process:2.4.0] AndroidManifest.xml:31:13-33:52
153                android:name="androidx.lifecycle.ProcessLifecycleInitializer"
153-->[androidx.lifecycle:lifecycle-process:2.4.0] AndroidManifest.xml:32:17-78
154                android:value="androidx.startup" />
154-->[androidx.lifecycle:lifecycle-process:2.4.0] AndroidManifest.xml:33:17-49
155        </provider>
156
157        <service
157-->[androidx.work:work-runtime:2.7.1] AndroidManifest.xml:41:9-46:35
158            android:name="androidx.work.impl.background.systemalarm.SystemAlarmService"
158-->[androidx.work:work-runtime:2.7.1] AndroidManifest.xml:42:13-88
159            android:directBootAware="false"
159-->[androidx.work:work-runtime:2.7.1] AndroidManifest.xml:43:13-44
160            android:enabled="@bool/enable_system_alarm_service_default"
160-->[androidx.work:work-runtime:2.7.1] AndroidManifest.xml:44:13-72
161            android:exported="false" />
161-->[androidx.work:work-runtime:2.7.1] AndroidManifest.xml:45:13-37
162        <service
162-->[androidx.work:work-runtime:2.7.1] AndroidManifest.xml:47:9-53:35
163            android:name="androidx.work.impl.background.systemjob.SystemJobService"
163-->[androidx.work:work-runtime:2.7.1] AndroidManifest.xml:48:13-84
164            android:directBootAware="false"
164-->[androidx.work:work-runtime:2.7.1] AndroidManifest.xml:49:13-44
165            android:enabled="@bool/enable_system_job_service_default"
165-->[androidx.work:work-runtime:2.7.1] AndroidManifest.xml:50:13-70
166            android:exported="true"
166-->[androidx.work:work-runtime:2.7.1] AndroidManifest.xml:51:13-36
167            android:permission="android.permission.BIND_JOB_SERVICE" />
167-->[androidx.work:work-runtime:2.7.1] AndroidManifest.xml:52:13-69
168        <service
168-->[androidx.work:work-runtime:2.7.1] AndroidManifest.xml:54:9-59:35
169            android:name="androidx.work.impl.foreground.SystemForegroundService"
169-->[androidx.work:work-runtime:2.7.1] AndroidManifest.xml:55:13-81
170            android:directBootAware="false"
170-->[androidx.work:work-runtime:2.7.1] AndroidManifest.xml:56:13-44
171            android:enabled="@bool/enable_system_foreground_service_default"
171-->[androidx.work:work-runtime:2.7.1] AndroidManifest.xml:57:13-77
172            android:exported="false" />
172-->[androidx.work:work-runtime:2.7.1] AndroidManifest.xml:58:13-37
173
174        <receiver
174-->[androidx.work:work-runtime:2.7.1] AndroidManifest.xml:61:9-66:35
175            android:name="androidx.work.impl.utils.ForceStopRunnable$BroadcastReceiver"
175-->[androidx.work:work-runtime:2.7.1] AndroidManifest.xml:62:13-88
176            android:directBootAware="false"
176-->[androidx.work:work-runtime:2.7.1] AndroidManifest.xml:63:13-44
177            android:enabled="true"
177-->[androidx.work:work-runtime:2.7.1] AndroidManifest.xml:64:13-35
178            android:exported="false" />
178-->[androidx.work:work-runtime:2.7.1] AndroidManifest.xml:65:13-37
179        <receiver
179-->[androidx.work:work-runtime:2.7.1] AndroidManifest.xml:67:9-77:20
180            android:name="androidx.work.impl.background.systemalarm.ConstraintProxy$BatteryChargingProxy"
180-->[androidx.work:work-runtime:2.7.1] AndroidManifest.xml:68:13-106
181            android:directBootAware="false"
181-->[androidx.work:work-runtime:2.7.1] AndroidManifest.xml:69:13-44
182            android:enabled="false"
182-->[androidx.work:work-runtime:2.7.1] AndroidManifest.xml:70:13-36
183            android:exported="false" >
183-->[androidx.work:work-runtime:2.7.1] AndroidManifest.xml:71:13-37
184            <intent-filter>
184-->[androidx.work:work-runtime:2.7.1] AndroidManifest.xml:73:13-76:29
185                <action android:name="android.intent.action.ACTION_POWER_CONNECTED" />
185-->[androidx.work:work-runtime:2.7.1] AndroidManifest.xml:74:17-87
185-->[androidx.work:work-runtime:2.7.1] AndroidManifest.xml:74:25-84
186                <action android:name="android.intent.action.ACTION_POWER_DISCONNECTED" />
186-->[androidx.work:work-runtime:2.7.1] AndroidManifest.xml:75:17-90
186-->[androidx.work:work-runtime:2.7.1] AndroidManifest.xml:75:25-87
187            </intent-filter>
188        </receiver>
189        <receiver
189-->[androidx.work:work-runtime:2.7.1] AndroidManifest.xml:78:9-88:20
190            android:name="androidx.work.impl.background.systemalarm.ConstraintProxy$BatteryNotLowProxy"
190-->[androidx.work:work-runtime:2.7.1] AndroidManifest.xml:79:13-104
191            android:directBootAware="false"
191-->[androidx.work:work-runtime:2.7.1] AndroidManifest.xml:80:13-44
192            android:enabled="false"
192-->[androidx.work:work-runtime:2.7.1] AndroidManifest.xml:81:13-36
193            android:exported="false" >
193-->[androidx.work:work-runtime:2.7.1] AndroidManifest.xml:82:13-37
194            <intent-filter>
194-->[androidx.work:work-runtime:2.7.1] AndroidManifest.xml:84:13-87:29
195                <action android:name="android.intent.action.BATTERY_OKAY" />
195-->[androidx.work:work-runtime:2.7.1] AndroidManifest.xml:85:17-77
195-->[androidx.work:work-runtime:2.7.1] AndroidManifest.xml:85:25-74
196                <action android:name="android.intent.action.BATTERY_LOW" />
196-->[androidx.work:work-runtime:2.7.1] AndroidManifest.xml:86:17-76
196-->[androidx.work:work-runtime:2.7.1] AndroidManifest.xml:86:25-73
197            </intent-filter>
198        </receiver>
199        <receiver
199-->[androidx.work:work-runtime:2.7.1] AndroidManifest.xml:89:9-99:20
200            android:name="androidx.work.impl.background.systemalarm.ConstraintProxy$StorageNotLowProxy"
200-->[androidx.work:work-runtime:2.7.1] AndroidManifest.xml:90:13-104
201            android:directBootAware="false"
201-->[androidx.work:work-runtime:2.7.1] AndroidManifest.xml:91:13-44
202            android:enabled="false"
202-->[androidx.work:work-runtime:2.7.1] AndroidManifest.xml:92:13-36
203            android:exported="false" >
203-->[androidx.work:work-runtime:2.7.1] AndroidManifest.xml:93:13-37
204            <intent-filter>
204-->[androidx.work:work-runtime:2.7.1] AndroidManifest.xml:95:13-98:29
205                <action android:name="android.intent.action.DEVICE_STORAGE_LOW" />
205-->[androidx.work:work-runtime:2.7.1] AndroidManifest.xml:96:17-83
205-->[androidx.work:work-runtime:2.7.1] AndroidManifest.xml:96:25-80
206                <action android:name="android.intent.action.DEVICE_STORAGE_OK" />
206-->[androidx.work:work-runtime:2.7.1] AndroidManifest.xml:97:17-82
206-->[androidx.work:work-runtime:2.7.1] AndroidManifest.xml:97:25-79
207            </intent-filter>
208        </receiver>
209        <receiver
209-->[androidx.work:work-runtime:2.7.1] AndroidManifest.xml:100:9-109:20
210            android:name="androidx.work.impl.background.systemalarm.ConstraintProxy$NetworkStateProxy"
210-->[androidx.work:work-runtime:2.7.1] AndroidManifest.xml:101:13-103
211            android:directBootAware="false"
211-->[androidx.work:work-runtime:2.7.1] AndroidManifest.xml:102:13-44
212            android:enabled="false"
212-->[androidx.work:work-runtime:2.7.1] AndroidManifest.xml:103:13-36
213            android:exported="false" >
213-->[androidx.work:work-runtime:2.7.1] AndroidManifest.xml:104:13-37
214            <intent-filter>
214-->[androidx.work:work-runtime:2.7.1] AndroidManifest.xml:106:13-108:29
215                <action android:name="android.net.conn.CONNECTIVITY_CHANGE" />
215-->[androidx.work:work-runtime:2.7.1] AndroidManifest.xml:107:17-79
215-->[androidx.work:work-runtime:2.7.1] AndroidManifest.xml:107:25-76
216            </intent-filter>
217        </receiver>
218        <receiver
218-->[androidx.work:work-runtime:2.7.1] AndroidManifest.xml:110:9-121:20
219            android:name="androidx.work.impl.background.systemalarm.RescheduleReceiver"
219-->[androidx.work:work-runtime:2.7.1] AndroidManifest.xml:111:13-88
220            android:directBootAware="false"
220-->[androidx.work:work-runtime:2.7.1] AndroidManifest.xml:112:13-44
221            android:enabled="false"
221-->[androidx.work:work-runtime:2.7.1] AndroidManifest.xml:113:13-36
222            android:exported="false" >
222-->[androidx.work:work-runtime:2.7.1] AndroidManifest.xml:114:13-37
223            <intent-filter>
223-->[androidx.work:work-runtime:2.7.1] AndroidManifest.xml:116:13-120:29
224                <action android:name="android.intent.action.BOOT_COMPLETED" />
224-->[androidx.work:work-runtime:2.7.1] AndroidManifest.xml:117:17-79
224-->[androidx.work:work-runtime:2.7.1] AndroidManifest.xml:117:25-76
225                <action android:name="android.intent.action.TIME_SET" />
225-->[androidx.work:work-runtime:2.7.1] AndroidManifest.xml:118:17-73
225-->[androidx.work:work-runtime:2.7.1] AndroidManifest.xml:118:25-70
226                <action android:name="android.intent.action.TIMEZONE_CHANGED" />
226-->[androidx.work:work-runtime:2.7.1] AndroidManifest.xml:119:17-81
226-->[androidx.work:work-runtime:2.7.1] AndroidManifest.xml:119:25-78
227            </intent-filter>
228        </receiver>
229        <receiver
229-->[androidx.work:work-runtime:2.7.1] AndroidManifest.xml:122:9-131:20
230            android:name="androidx.work.impl.background.systemalarm.ConstraintProxyUpdateReceiver"
230-->[androidx.work:work-runtime:2.7.1] AndroidManifest.xml:123:13-99
231            android:directBootAware="false"
231-->[androidx.work:work-runtime:2.7.1] AndroidManifest.xml:124:13-44
232            android:enabled="@bool/enable_system_alarm_service_default"
232-->[androidx.work:work-runtime:2.7.1] AndroidManifest.xml:125:13-72
233            android:exported="false" >
233-->[androidx.work:work-runtime:2.7.1] AndroidManifest.xml:126:13-37
234            <intent-filter>
234-->[androidx.work:work-runtime:2.7.1] AndroidManifest.xml:128:13-130:29
235                <action android:name="androidx.work.impl.background.systemalarm.UpdateProxies" />
235-->[androidx.work:work-runtime:2.7.1] AndroidManifest.xml:129:17-98
235-->[androidx.work:work-runtime:2.7.1] AndroidManifest.xml:129:25-95
236            </intent-filter>
237        </receiver>
238        <receiver
238-->[androidx.work:work-runtime:2.7.1] AndroidManifest.xml:132:9-142:20
239            android:name="androidx.work.impl.diagnostics.DiagnosticsReceiver"
239-->[androidx.work:work-runtime:2.7.1] AndroidManifest.xml:133:13-78
240            android:directBootAware="false"
240-->[androidx.work:work-runtime:2.7.1] AndroidManifest.xml:134:13-44
241            android:enabled="true"
241-->[androidx.work:work-runtime:2.7.1] AndroidManifest.xml:135:13-35
242            android:exported="true"
242-->[androidx.work:work-runtime:2.7.1] AndroidManifest.xml:136:13-36
243            android:permission="android.permission.DUMP" >
243-->[androidx.work:work-runtime:2.7.1] AndroidManifest.xml:137:13-57
244            <intent-filter>
244-->[androidx.work:work-runtime:2.7.1] AndroidManifest.xml:139:13-141:29
245                <action android:name="androidx.work.diagnostics.REQUEST_DIAGNOSTICS" />
245-->[androidx.work:work-runtime:2.7.1] AndroidManifest.xml:140:17-88
245-->[androidx.work:work-runtime:2.7.1] AndroidManifest.xml:140:25-85
246            </intent-filter>
247        </receiver>
248
249        <activity
249-->[com.google.android.gms:play-services-base:17.1.0] AndroidManifest.xml:23:9-26:75
250            android:name="com.google.android.gms.common.api.GoogleApiActivity"
250-->[com.google.android.gms:play-services-base:17.1.0] AndroidManifest.xml:24:13-79
251            android:exported="false"
251-->[com.google.android.gms:play-services-base:17.1.0] AndroidManifest.xml:25:13-37
252            android:theme="@android:style/Theme.Translucent.NoTitleBar" />
252-->[com.google.android.gms:play-services-base:17.1.0] AndroidManifest.xml:26:13-72
253
254        <meta-data
254-->[com.google.android.gms:play-services-basement:17.1.0] AndroidManifest.xml:23:9-25:69
255            android:name="com.google.android.gms.version"
255-->[com.google.android.gms:play-services-basement:17.1.0] AndroidManifest.xml:24:13-58
256            android:value="@integer/google_play_services_version" />
256-->[com.google.android.gms:play-services-basement:17.1.0] AndroidManifest.xml:25:13-66
257
258        <service
258-->[androidx.room:room-runtime:2.2.5] AndroidManifest.xml:25:9-28:40
259            android:name="androidx.room.MultiInstanceInvalidationService"
259-->[androidx.room:room-runtime:2.2.5] AndroidManifest.xml:26:13-74
260            android:directBootAware="true"
260-->[androidx.room:room-runtime:2.2.5] AndroidManifest.xml:27:13-43
261            android:exported="false" /> <!-- The activities will be merged into the manifest of the hosting app. -->
261-->[androidx.room:room-runtime:2.2.5] AndroidManifest.xml:28:13-37
262        <activity
262-->[com.google.android.play:core:1.9.1] AndroidManifest.xml:12:5-271
263            android:name="com.google.android.play.core.missingsplits.PlayCoreMissingSplitsActivity"
263-->[com.google.android.play:core:1.9.1] AndroidManifest.xml:12:15-102
264            android:enabled="false"
264-->[com.google.android.play:core:1.9.1] AndroidManifest.xml:12:103-126
265            android:exported="false"
265-->[com.google.android.play:core:1.9.1] AndroidManifest.xml:12:127-151
266            android:launchMode="singleInstance"
266-->[com.google.android.play:core:1.9.1] AndroidManifest.xml:12:204-239
267            android:process=":playcore_missing_splits_activity"
267-->[com.google.android.play:core:1.9.1] AndroidManifest.xml:12:152-203
268            android:stateNotNeeded="true" />
268-->[com.google.android.play:core:1.9.1] AndroidManifest.xml:12:240-269
269        <activity
269-->[com.google.android.play:core:1.9.1] AndroidManifest.xml:13:5-226
270            android:name="com.google.android.play.core.common.PlayCoreDialogWrapperActivity"
270-->[com.google.android.play:core:1.9.1] AndroidManifest.xml:13:15-95
271            android:enabled="false"
271-->[com.google.android.play:core:1.9.1] AndroidManifest.xml:13:96-119
272            android:exported="false"
272-->[com.google.android.play:core:1.9.1] AndroidManifest.xml:13:120-144
273            android:stateNotNeeded="true"
273-->[com.google.android.play:core:1.9.1] AndroidManifest.xml:13:145-174
274            android:theme="@style/Theme.PlayCore.Transparent" /> <!-- The services will be merged into the manifest of the hosting app. -->
274-->[com.google.android.play:core:1.9.1] AndroidManifest.xml:13:175-224
275        <service
275-->[com.google.android.play:core:1.9.1] AndroidManifest.xml:16:5-18:15